2024-01-15T10:25:00+08:00 INFO 应用启动 - 版本 1.0.0
2024-01-15T10:25:01+08:00 INFO 配置文件加载完成 - 来源: config/app.conf
2024-01-15T10:25:02+08:00 INFO 数据库连接建立 - 主机: localhost:5432
2024-01-15T10:25:03+08:00 INFO HTTP 服务器启动 - 端口: 8080
2024-01-15T10:25:10+08:00 DEBUG 请求处理 - GET /api/health - 状态: 200
2024-01-15T10:25:15+08:00 DEBUG 请求处理 - GET /api/status - 状态: 200
2024-01-15T10:25:20+08:00 INFO 用户登录 - 用户ID: user123 - IP: 192.168.1.100
2024-01-15T10:25:25+08:00 DEBUG 请求处理 - POST /api/data - 状态: 201
2024-01-15T10:25:30+08:00 INFO 文件上传 - 文件名: document.pdf - 大小: 2.5MB
2024-01-15T10:25:35+08:00 DEBUG 请求处理 - GET /api/files - 状态: 200
2024-01-15T10:25:40+08:00 INFO 归档任务启动 - 任务ID: task_001
2024-01-15T10:25:45+08:00 INFO 文件扫描完成 - 发现文件: 15 个
2024-01-15T10:25:50+08:00 INFO 开始创建归档 - 格式: tar.gz
2024-01-15T10:25:55+08:00 DEBUG 添加文件到归档 - 文件: config/app.conf
2024-01-15T10:26:00+08:00 DEBUG 添加文件到归档 - 文件: config/database.ini
2024-01-15T10:26:05+08:00 DEBUG 添加文件到归档 - 文件: logs/app.log
2024-01-15T10:26:10+08:00 DEBUG 添加文件到归档 - 文件: assets/style.css
2024-01-15T10:26:15+08:00 DEBUG 排除临时文件 - 文件: temp/cache.tmp
2024-01-15T10:26:20+08:00 DEBUG 排除临时文件 - 文件: temp/upload.tmp
2024-01-15T10:26:25+08:00 INFO 归档压缩完成 - 文件大小: 1.2MB
2024-01-15T10:26:30+08:00 INFO 归档任务完成 - 任务ID: task_001 - 耗时: 40秒
2024-01-15T10:26:35+08:00 DEBUG 请求处理 - GET /api/archives - 状态: 200
2024-01-15T10:26:40+08:00 INFO 用户登出 - 用户ID: user123
2024-01-15T10:26:45+08:00 INFO 定时任务启动 - 任务: 清理临时文件
2024-01-15T10:26:50+08:00 DEBUG 清理临时文件 - 删除: 3 个文件
2024-01-15T10:26:55+08:00 INFO 定时任务完成 - 清理临时文件
2024-01-15T10:27:00+08:00 DEBUG 心跳检查 - 状态: 正常
2024-01-15T10:27:05+08:00 INFO 应用运行状态 - 内存: 128MB - CPU: 5%