2024-01-15T10:20:00+08:00 ERROR 数据库连接失败 - 错误: connection timeout
2024-01-15T10:20:05+08:00 ERROR 配置文件解析错误 - 文件: config/app.conf - 行: 25
2024-01-15T10:20:10+08:00 WARN 权限不足 - 用户: guest - 操作: read_config
2024-01-15T10:20:15+08:00 ERROR 文件不存在 - 路径: /tmp/missing_file.txt
2024-01-15T10:20:20+08:00 ERROR 内存不足 - 可用内存: 50MB - 需要内存: 100MB
2024-01-15T10:20:25+08:00 ERROR 磁盘空间不足 - 路径: /var/log - 可用空间: 100MB
2024-01-15T10:20:30+08:00 WARN 网络连接超时 - 主机: api.example.com - 端口: 443
2024-01-15T10:20:35+08:00 ERROR API 调用失败 - 端点: /api/data - 状态码: 500
2024-01-15T10:20:40+08:00 ERROR 文件权限错误 - 文件: /etc/secret.conf - 权限: 600
2024-01-15T10:20:45+08:00 ERROR 归档创建失败 - 错误: 磁盘空间不足
2024-01-15T10:20:50+08:00 ERROR 压缩失败 - 文件: large_file.log - 大小: 2GB
2024-01-15T10:20:55+08:00 WARN 配置项缺失 - 配置: archive.remove_source - 默认值: false
2024-01-15T10:21:00+08:00 ERROR 依赖工具缺失 - 工具: tar - 安装建议: apt install tar
2024-01-15T10:21:05+08:00 ERROR 归档格式不支持 - 格式: zip - 建议: 安装 zip 工具
2024-01-15T10:21:10+08:00 ERROR 路径遍历检测 - 路径: ../../../etc/passwd - 操作: 拒绝
2024-01-15T10:21:15+08:00 ERROR 符号链接循环 - 链接: link_a -> link_b -> link_a
2024-01-15T10:21:20+08:00 ERROR 文件校验失败 - 文件: config.ini - 期望校验和: sha256:abc123
2024-01-15T10:21:25+08:00 ERROR 归档权限错误 - 目标: /root/archive.tar.gz - 权限: denied
2024-01-15T10:21:30+08:00 ERROR 任务超时 - 任务: archive_creation - 超时时间: 300秒
2024-01-15T10:21:35+08:00 ERROR 并发限制 - 当前任务数: 10 - 最大限制: 5